[01m[K/media/karthi/New Volume1/Warrior/Projects/ROS/dev_ws/src/ros_tutorials/turtlesim/src/turtle_frame.cpp:[m[K In constructor â€˜[01m[Kturtlesim::TurtleFrame::TurtleFrame(rclcpp::Node::SharedPtr&, QWidget*, Qt::WindowFlags)[m[Kâ€™:
[01m[K/media/karthi/New Volume1/Warrior/Projects/ROS/dev_ws/src/ros_tutorials/turtlesim/src/turtle_frame.cpp:39:22:[m[K [01;31m[Kerror: [m[Kunable to find numeric literal operator â€˜[01m[Koperator""xgg[m[Kâ€™
   39 | #define DEFAULT_BG_B [01;31m[K0xgg[m[K
      |                      [01;31m[K^~~~[m[K
[01m[K/media/karthi/New Volume1/Warrior/Projects/ROS/dev_ws/src/ros_tutorials/turtlesim/src/turtle_frame.cpp:78:65:[m[K [01;36m[Knote: [m[Kin expansion of macro â€˜[01m[KDEFAULT_BG_B[m[Kâ€™
   78 |   nh_->declare_parameter("background_b", rclcpp::ParameterValue([01;36m[KDEFAULT_BG_B[m[K), background_b_descriptor);
      |                                                                 [01;36m[K^~~~~~~~~~~~[m[K
[01m[K/media/karthi/New Volume1/Warrior/Projects/ROS/dev_ws/src/ros_tutorials/turtlesim/src/turtle_frame.cpp:[m[K In member function â€˜[01m[Kvirtual void turtlesim::TurtleFrame::paintEvent(QPaintEvent*)[m[Kâ€™:
[01m[K/media/karthi/New Volume1/Warrior/Projects/ROS/dev_ws/src/ros_tutorials/turtlesim/src/turtle_frame.cpp:39:22:[m[K [01;31m[Kerror: [m[Kunable to find numeric literal operator â€˜[01m[Koperator""xgg[m[Kâ€™
   39 | #define DEFAULT_BG_B [01;31m[K0xgg[m[K
      |                      [01;31m[K^~~~[m[K
[01m[K/media/karthi/New Volume1/Warrior/Projects/ROS/dev_ws/src/ros_tutorials/turtlesim/src/turtle_frame.cpp:237:11:[m[K [01;36m[Knote: [m[Kin expansion of macro â€˜[01m[KDEFAULT_BG_B[m[Kâ€™
  237 |   int b = [01;36m[KDEFAULT_BG_B[m[K;
      |           [01;36m[K^~~~~~~~~~~~[m[K
make[2]: *** [CMakeFiles/turtlesim_node.dir/build.make:93: CMakeFiles/turtlesim_node.dir/src/turtle_frame.cpp.o] Error 1
make[1]: *** [CMakeFiles/Makefile2:367: CMakeFiles/turtlesim_node.dir/all] Error 2
make: *** [Makefile:141: all] Error 2
