[01m[K/media/karthi/New Volume/Warrior/Projects/ROS/dev_ws/src/turtlesim/src/turtle_frame.cpp:[m[K In constructor â€˜[01m[Kturtlesim::TurtleFrame::TurtleFrame(rclcpp::Node::SharedPtr&, QWidget*, Qt::WindowFlags)[m[Kâ€™:
[01m[K/media/karthi/New Volume/Warrior/Projects/ROS/dev_ws/src/turtlesim/src/turtle_frame.cpp:103:3:[m[K [01;31m[Kerror: [m[Kâ€˜[01m[Kbg_paint_srv[m[Kâ€™ was not declared in this scope
  103 |   [01;31m[Kbg_paint_srv[m[K = nh_->create_service<turtlesim::srv::MainBG>("mainbg", std::bind(&TurtleFrame::resetCallback, this, std::placeholders::_1, std::placeholders::_2));
      |   [01;31m[K^~~~~~~~~~~~[m[K
[01m[K/media/karthi/New Volume/Warrior/Projects/ROS/dev_ws/src/turtlesim/src/turtle_frame.cpp:103:54:[m[K [01;31m[Kerror: [m[Kâ€˜[01m[KMainBG[m[Kâ€™ is not a member of â€˜[01m[Kturtlesim::srv[m[Kâ€™
  103 |   bg_paint_srv = nh_->create_service<turtlesim::srv::[01;31m[KMainBG[m[K>("mainbg", std::bind(&TurtleFrame::resetCallback, this, std::placeholders::_1, std::placeholders::_2));
      |                                                      [01;31m[K^~~~~~[m[K
[01m[K/media/karthi/New Volume/Warrior/Projects/ROS/dev_ws/src/turtlesim/src/turtle_frame.cpp:103:54:[m[K [01;31m[Kerror: [m[Kâ€˜[01m[KMainBG[m[Kâ€™ is not a member of â€˜[01m[Kturtlesim::srv[m[Kâ€™
[01m[K/media/karthi/New Volume/Warrior/Projects/ROS/dev_ws/src/turtlesim/src/turtle_frame.cpp:103:162:[m[K [01;31m[Kerror: [m[Kno matching function for call to â€˜[01m[Krclcpp::Node::create_service<<expression error> >(const char [7], std::_Bind_helper<false, bool (turtlesim::TurtleFrame::*)(std::shared_ptr<std_srvs::srv::Empty_Request_<std::allocator<void> > >, std::shared_ptr<std_srvs::srv::Empty_Response_<std::allocator<void> > >), turtlesim::TurtleFrame*, const std::_Placeholder<1>&, const std::_Placeholder<2>&>::type)[m[Kâ€™
  103 | ::srv::MainBG>("mainbg", std::bind(&TurtleFrame::resetCallback, this, std::placeholders::_1, std::placeholders::_2)[01;31m[K)[m[K;
      |                                                                                                                    [01;31m[K^[m[K

In file included from [01m[K/opt/ros/foxy/include/rclcpp/node.hpp:1224[m[K,
                 from [01m[K/opt/ros/foxy/include/rclcpp/executors/single_threaded_executor.hpp:28[m[K,
                 from [01m[K/opt/ros/foxy/include/rclcpp/executors.hpp:22[m[K,
                 from [01m[K/opt/ros/foxy/include/rclcpp/rclcpp.hpp:146[m[K,
                 from [01m[K/media/karthi/New Volume/Warrior/Projects/ROS/dev_ws/src/turtlesim/include/turtlesim/turtle_frame.h:39[m[K,
                 from [01m[K/media/karthi/New Volume/Warrior/Projects/ROS/dev_ws/src/turtlesim/src/turtle_frame.cpp:30[m[K:
[01m[K/opt/ros/foxy/include/rclcpp/node_impl.hpp:140:1:[m[K [01;36m[Knote: [m[Kcandidate: â€˜[01m[Ktemplate<class ServiceT, class CallbackT> typename rclcpp::Service<ServiceT>::SharedPtr rclcpp::Node::create_service(const string&, CallbackT&&, const rmw_qos_profile_t&, rclcpp::CallbackGroup::SharedPtr)[m[Kâ€™
  140 | [01;36m[KNode[m[K::create_service(
      | [01;36m[K^~~~[m[K
[01m[K/opt/ros/foxy/include/rclcpp/node_impl.hpp:140:1:[m[K [01;36m[Knote: [m[K  template argument deduction/substitution failed:
[01m[K/media/karthi/New Volume/Warrior/Projects/ROS/dev_ws/src/turtlesim/src/turtle_frame.cpp:103:162:[m[K [01;31m[Kerror: [m[Ktemplate argument 1 is invalid
  103 | ::srv::MainBG>("mainbg", std::bind(&TurtleFrame::resetCallback, this, std::placeholders::_1, std::placeholders::_2)[01;31m[K)[m[K;
      |                                                                                                                    [01;31m[K^[m[K

make[2]: *** [CMakeFiles/turtlesim_node.dir/build.make:93: CMakeFiles/turtlesim_node.dir/src/turtle_frame.cpp.o] Error 1
make[1]: *** [CMakeFiles/Makefile2:367: CMakeFiles/turtlesim_node.dir/all] Error 2
make: *** [Makefile:141: all] Error 2
