[0.246s] Invoking command in '/media/karthi/New Volume/Warrior/Projects/ROS/dev_ws/build/turtlesim': CMAKE_PREFIX_PATH=${CMAKE_PREFIX_PATH}:/media/karthi/New Volume/Warrior/Projects/ROS/dev_ws/install/turtle_control:/media/karthi/New Volume/Warrior/Projects/ROS/dev_ws/install/turtle2:/opt/ros/foxy /usr/bin/cmake --build /media/karthi/New Volume/Warrior/Projects/ROS/dev_ws/build/turtlesim -- -j12 -l12
[0.342s] [  1%] Built target turtlesim__cpp
[0.353s] [ 11%] Built target turtlesim__rosidl_generator_c
[0.415s] [ 29%] Built target turtlesim__rosidl_typesupport_cpp
[0.416s] [ 31%] Built target turtlesim__rosidl_typesupport_introspection_cpp
[0.425s] [ 51%] Built target turtlesim__rosidl_typesupport_c
[0.426s] [ 53%] Built target turtlesim__rosidl_typesupport_fastrtps_cpp
[0.428s] [ 63%] Built target turtlesim__rosidl_typesupport_introspection_c
[0.479s] [ 74%] Built target turtlesim__rosidl_typesupport_fastrtps_c
[0.515s] [ 74%] Built target turtlesim
[0.548s] [35m[1mScanning dependencies of target turtlesim_node[0m
[0.572s] [ 74%] Built target turtlesim__py
[0.580s] [ 76%] Built target turtle_teleop_key
[0.586s] [ 79%] Built target draw_square
[0.586s] [ 79%] Built target mimic
[0.667s] [ 89%] Built target turtlesim__python
[0.741s] [ 91%] Built target turtlesim__rosidl_typesupport_introspection_c__pyext
[0.741s] [ 92%] Built target turtlesim__rosidl_typesupport_fastrtps_c__pyext
[0.742s] [ 94%] Built target turtlesim__rosidl_typesupport_c__pyext
[0.965s] [ 95%] [32mBuilding CXX object CMakeFiles/turtlesim_node.dir/src/turtle_frame.cpp.o[0m
[2.676s] [01m[K/media/karthi/New Volume/Warrior/Projects/ROS/dev_ws/src/turtlesim/src/turtle_frame.cpp:[m[K In constructor â€˜[01m[Kturtlesim::TurtleFrame::TurtleFrame(rclcpp::Node::SharedPtr&, QWidget*, Qt::WindowFlags)[m[Kâ€™:
[2.676s] [01m[K/media/karthi/New Volume/Warrior/Projects/ROS/dev_ws/src/turtlesim/src/turtle_frame.cpp:103:3:[m[K [01;31m[Kerror: [m[Kâ€˜[01m[Kbg_paint_srv[m[Kâ€™ was not declared in this scope
[2.676s]   103 |   [01;31m[Kbg_paint_srv[m[K = nh_->create_service<turtlesim::srv::MainBG>("mainbg", std::bind(&TurtleFrame::resetCallback, this, std::placeholders::_1, std::placeholders::_2));
[2.676s]       |   [01;31m[K^~~~~~~~~~~~[m[K
[2.677s] [01m[K/media/karthi/New Volume/Warrior/Projects/ROS/dev_ws/src/turtlesim/src/turtle_frame.cpp:103:54:[m[K [01;31m[Kerror: [m[Kâ€˜[01m[KMainBG[m[Kâ€™ is not a member of â€˜[01m[Kturtlesim::srv[m[Kâ€™
[2.677s]   103 |   bg_paint_srv = nh_->create_service<turtlesim::srv::[01;31m[KMainBG[m[K>("mainbg", std::bind(&TurtleFrame::resetCallback, this, std::placeholders::_1, std::placeholders::_2));
[2.677s]       |                                                      [01;31m[K^~~~~~[m[K
[2.677s] [01m[K/media/karthi/New Volume/Warrior/Projects/ROS/dev_ws/src/turtlesim/src/turtle_frame.cpp:103:54:[m[K [01;31m[Kerror: [m[Kâ€˜[01m[KMainBG[m[Kâ€™ is not a member of â€˜[01m[Kturtlesim::srv[m[Kâ€™
[2.677s] [01m[K/media/karthi/New Volume/Warrior/Projects/ROS/dev_ws/src/turtlesim/src/turtle_frame.cpp:103:162:[m[K [01;31m[Kerror: [m[Kno matching function for call to â€˜[01m[Krclcpp::Node::create_service<<expression error> >(const char [7], std::_Bind_helper<false, bool (turtlesim::TurtleFrame::*)(std::shared_ptr<std_srvs::srv::Empty_Request_<std::allocator<void> > >, std::shared_ptr<std_srvs::srv::Empty_Response_<std::allocator<void> > >), turtlesim::TurtleFrame*, const std::_Placeholder<1>&, const std::_Placeholder<2>&>::type)[m[Kâ€™
[2.677s]   103 | ::srv::MainBG>("mainbg", std::bind(&TurtleFrame::resetCallback, this, std::placeholders::_1, std::placeholders::_2)[01;31m[K)[m[K;
[2.677s]       |                                                                                                                    [01;31m[K^[m[K
[2.678s] 
[2.678s] In file included from [01m[K/opt/ros/foxy/include/rclcpp/node.hpp:1224[m[K,
[2.678s]                  from [01m[K/opt/ros/foxy/include/rclcpp/executors/single_threaded_executor.hpp:28[m[K,
[2.678s]                  from [01m[K/opt/ros/foxy/include/rclcpp/executors.hpp:22[m[K,
[2.678s]                  from [01m[K/opt/ros/foxy/include/rclcpp/rclcpp.hpp:146[m[K,
[2.678s]                  from [01m[K/media/karthi/New Volume/Warrior/Projects/ROS/dev_ws/src/turtlesim/include/turtlesim/turtle_frame.h:39[m[K,
[2.678s]                  from [01m[K/media/karthi/New Volume/Warrior/Projects/ROS/dev_ws/src/turtlesim/src/turtle_frame.cpp:30[m[K:
[2.678s] [01m[K/opt/ros/foxy/include/rclcpp/node_impl.hpp:140:1:[m[K [01;36m[Knote: [m[Kcandidate: â€˜[01m[Ktemplate<class ServiceT, class CallbackT> typename rclcpp::Service<ServiceT>::SharedPtr rclcpp::Node::create_service(const string&, CallbackT&&, const rmw_qos_profile_t&, rclcpp::CallbackGroup::SharedPtr)[m[Kâ€™
[2.679s]   140 | [01;36m[KNode[m[K::create_service(
[2.679s]       | [01;36m[K^~~~[m[K
[2.679s] [01m[K/opt/ros/foxy/include/rclcpp/node_impl.hpp:140:1:[m[K [01;36m[Knote: [m[K  template argument deduction/substitution failed:
[2.679s] [01m[K/media/karthi/New Volume/Warrior/Projects/ROS/dev_ws/src/turtlesim/src/turtle_frame.cpp:103:162:[m[K [01;31m[Kerror: [m[Ktemplate argument 1 is invalid
[2.679s]   103 | ::srv::MainBG>("mainbg", std::bind(&TurtleFrame::resetCallback, this, std::placeholders::_1, std::placeholders::_2)[01;31m[K)[m[K;
[2.679s]       |                                                                                                                    [01;31m[K^[m[K
[2.679s] 
[4.163s] make[2]: *** [CMakeFiles/turtlesim_node.dir/build.make:93: CMakeFiles/turtlesim_node.dir/src/turtle_frame.cpp.o] Error 1
[4.163s] make[1]: *** [CMakeFiles/Makefile2:367: CMakeFiles/turtlesim_node.dir/all] Error 2
[4.164s] make: *** [Makefile:141: all] Error 2
[4.166s] Invoked command in '/media/karthi/New Volume/Warrior/Projects/ROS/dev_ws/build/turtlesim' returned '2': CMAKE_PREFIX_PATH=${CMAKE_PREFIX_PATH}:/media/karthi/New Volume/Warrior/Projects/ROS/dev_ws/install/turtle_control:/media/karthi/New Volume/Warrior/Projects/ROS/dev_ws/install/turtle2:/opt/ros/foxy /usr/bin/cmake --build /media/karthi/New Volume/Warrior/Projects/ROS/dev_ws/build/turtlesim -- -j12 -l12
