[  1%] Built target turtlesim__cpp
[ 11%] Built target turtlesim__rosidl_generator_c
[ 25%] Built target turtlesim__rosidl_typesupport_cpp
[ 31%] Built target turtlesim__rosidl_typesupport_introspection_cpp
[ 47%] Built target turtlesim__rosidl_typesupport_c
[ 51%] Built target turtlesim__rosidl_typesupport_fastrtps_cpp
[ 61%] Built target turtlesim__rosidl_typesupport_introspection_c
[ 71%] Built target turtlesim__rosidl_typesupport_fastrtps_c
[ 71%] Built target turtlesim
[35m[1mScanning dependencies of target turtlesim_node[0m
[ 72%] Built target turtlesim__py
[ 74%] Built target draw_square
[ 76%] Built target mimic
[ 78%] Built target turtle_teleop_key
[ 87%] Built target turtlesim__python
[ 89%] Built target turtlesim__rosidl_typesupport_introspection_c__pyext
[ 91%] Built target turtlesim__rosidl_typesupport_fastrtps_c__pyext
[ 93%] Built target turtlesim__rosidl_typesupport_c__pyext
[ 94%] [32mBuilding CXX object CMakeFiles/turtlesim_node.dir/src/turtle_frame.cpp.o[0m
[01m[K/media/karthi/New Volume/Warrior/Projects/ROS/dev_ws/src/turtlesim/src/turtle_frame.cpp:[m[K In constructor â€˜[01m[Kturtlesim::TurtleFrame::TurtleFrame(rclcpp::Node::SharedPtr&, QWidget*, Qt::WindowFlags)[m[Kâ€™:
[01m[K/media/karthi/New Volume/Warrior/Projects/ROS/dev_ws/src/turtlesim/src/turtle_frame.cpp:103:3:[m[K [01;31m[Kerror: [m[Kâ€˜[01m[Kbg_paint_srv[m[Kâ€™ was not declared in this scope
  103 |   [01;31m[Kbg_paint_srv[m[K = nh_->create_service<std_srvs::srv::Empty>("reset", std::bind(&TurtleFrame::resetCallback, this, std::placeholders::_1, std::placeholders::_2));
      |   [01;31m[K^~~~~~~~~~~~[m[K
make[2]: *** [CMakeFiles/turtlesim_node.dir/build.make:93: CMakeFiles/turtlesim_node.dir/src/turtle_frame.cpp.o] Error 1
make[1]: *** [CMakeFiles/Makefile2:367: CMakeFiles/turtlesim_node.dir/all] Error 2
make: *** [Makefile:141: all] Error 2
